2021-02-11 13:44:21 | axl_zeep.py       :275  | INFO      | Estamos usando Python v3.7.3
2021-02-11 13:44:21 | axl_zeep.py       :88   | INFO      | Ha seleccionado el fichero de configuracion: conf/NTT-Staging.cfg
2021-02-11 13:44:21 | axl_zeep.py       :93   | INFO      | Ha seleccionado el fichero de carga masiva: csv/0011.csv
2021-02-11 13:44:21 | axl_zeep.py       :282  | INFO      | Se ha seleccionado el cliente: NTT STAGING
2021-02-11 13:44:23 | axl_zeep.py       :199  | INFO      | Se ha creado el cliente SOAP.
2021-02-11 13:44:23 | axl_zeep.py       :222  | INFO      | Se ha abierto el archivo csv/0011.csv
2021-02-11 13:44:23 | cspaxl_Region.py  :81   | INFO      | Result:
+----------------------------------------+--------+
|                  UUID                  |  name  |
+----------------------------------------+--------+
| {C2259D5D-4B35-AE32-1D52-8693661820AD} | R_0011 |
+----------------------------------------+--------+
2021-02-11 13:44:23 | cspaxl_Location.py:81   | INFO      | Result:
+----------------------------------------+----------+
|                  UUID                  | Location |
+----------------------------------------+----------+
| {FF6C829E-E5D4-B42A-5F1F-4022F5C9BDE4} |  L_0011  |
+----------------------------------------+----------+
2021-02-11 13:44:23 | cspaxl_DevicePool.py:85   | INFO      | Result:
+----------------------------------------+----------------+
|                  UUID                  |  Device Pool   |
+----------------------------------------+----------------+
| {749E15CF-62F9-A691-D354-42E56B546629} | DP_0011_ORANGE |
+----------------------------------------+----------------+
2021-02-11 13:44:24 | cspaxl_CallPickupGroup.py:81   | INFO      | Result:
+----------------------------------------+-------------------+
|                  UUID                  | Call Pickup Group |
+----------------------------------------+-------------------+
| {B0668BC7-5CA6-27B8-0915-C1DA422FEB6F} |     CPG_OF0011    |
+----------------------------------------+-------------------+
2021-02-11 13:44:24 | axl_zeep.py       :288  | INFO      | Se cerrara el programa
