2021-04-14 15:22:33 | axl_zeep.py       :343  | INFO      | Estamos usando Python v3.7.3
2021-04-14 15:22:33 | axl_zeep.py       :87   | INFO      | Ha seleccionado el fichero de configuracion: conf/NTT-Staging.cfg
2021-04-14 15:22:33 | axl_zeep.py       :92   | INFO      | Ha seleccionado el fichero de carga masiva: csv/0011.csv
2021-04-14 15:22:33 | axl_zeep.py       :350  | INFO      | Se ha seleccionado el cliente: NTT STAGING
2021-04-14 15:22:35 | axl_zeep.py       :202  | INFO      | Se ha creado el cliente SOAP.
2021-04-14 15:22:35 | axl_zeep.py       :225  | INFO      | Se ha abierto el archivo csv/0011.csv
2021-04-14 15:22:36 | cspaxl_Region.py  :72   | INFO      | Result:
+----------------------------------------+--------+
|                  UUID                  | Region |
+----------------------------------------+--------+
| {5D4D36D6-6665-6C9F-C180-0FACB285EE27} | R_0011 |
+----------------------------------------+--------+
2021-04-14 15:22:36 | cspaxl_Location.py:74   | INFO      | Result:
+----------------------------------------+----------+
|                  UUID                  | Location |
+----------------------------------------+----------+
| {0569A13D-F96D-6207-4BFA-017C559E24F0} |  L_0011  |
+----------------------------------------+----------+
2021-04-14 15:22:36 | cspaxl_DevicePool.py:78   | INFO      | Result:
+----------------------------------------+----------------+
|                  UUID                  |  Device Pool   |
+----------------------------------------+----------------+
| {40999BCE-013A-3D1F-04F7-DBB0053E83BF} | DP_0011_ORANGE |
+----------------------------------------+----------------+
2021-04-14 15:22:36 | cspaxl_CallPickupGroup.py:61   | INFO      | Tenemos mas de una Partition en el registro
2021-04-14 15:22:36 | cspaxl_CallPickupGroup.py:80   | INFO      | Result:
+----------------------------------------+-------------------+
|                  UUID                  | Call Pickup Group |
+----------------------------------------+-------------------+
| {4FC0AE98-064D-0963-D8C9-F3488567EA07} |     CPG_OF0011    |
+----------------------------------------+-------------------+
2021-04-14 15:22:37 | cspaxl_LineGroup.py:75   | INFO      | Result:
+----------------------------------------+------------+
|                  UUID                  | Line Group |
+----------------------------------------+------------+
| {4B677D18-56A2-A3C2-2140-03C9CDA45181} | LG_OF0011  |
+----------------------------------------+------------+
2021-04-14 15:22:37 | cspaxl_HuntList.py:80   | INFO      | Result:
+----------------------------------------+-----------+
|                  UUID                  | Hunt List |
+----------------------------------------+-----------+
| {22B5235D-9048-2C8E-9F80-6B9B6D63C692} | HL_OF0011 |
+----------------------------------------+-----------+
2021-04-14 15:22:37 | cspaxl_HuntPilot.py:101  | INFO      | Tenemos mas de una Partition en el registro
2021-04-14 15:22:38 | cspaxl_HuntPilot.py:127  | INFO      | Result:
+----------------------------------------+------------+
|                  UUID                  | Hunt Pilot |
+----------------------------------------+------------+
| {51416052-CAD0-7F21-6753-F057F618EBF0} |  8001100   |
+----------------------------------------+------------+
2021-04-14 15:22:38 | axl_zeep.py       :293  | INFO      | Tenemos que dar de alta varios Directory Number:: ['6001102', '6001181']
2021-04-14 15:22:38 | axl_zeep.py       :298  | INFO      | Vamos a dar de alta el siguiente Directory Number: 6001102
2021-04-14 15:22:38 | cspaxl_Line.py    :130  | INFO      | Result:
+----------------------------------------+------------------+--------------------+
|                  UUID                  | Directory Number | routePartitionName |
+----------------------------------------+------------------+--------------------+
| {E432EF97-A66F-8FA4-5BAF-E9E9FC50D13A} |     6001102      |     P_Internas     |
+----------------------------------------+------------------+--------------------+
2021-04-14 15:22:38 | axl_zeep.py       :298  | INFO      | Vamos a dar de alta el siguiente Directory Number: 6001181
2021-04-14 15:22:38 | cspaxl_Line.py    :130  | INFO      | Result:
+----------------------------------------+------------------+--------------------+
|                  UUID                  | Directory Number | routePartitionName |
+----------------------------------------+------------------+--------------------+
| {059DCC5D-8464-8CBD-A114-7F818F62CF29} |     6001181      |   P_LG_Oficinas    |
+----------------------------------------+------------------+--------------------+
2021-04-14 15:22:38 | cspaxl_Phone.py   :171  | INFO      | Tenemos que configurar Speed Dials
2021-04-14 15:22:38 | cspaxl_Phone.py   :197  | INFO      | El telefono SEPFF082F1B738C no existe en el CUCM
2021-04-14 15:22:39 | cspaxl_Phone.py   :214  | INFO      | Result:
+----------------------------------------+-----------------+-------------------+
|                  UUID                  |   Device Name   |    description    |
+----------------------------------------+-----------------+-------------------+
| {3952ADBA-5078-E8A9-CE2A-40C39D4EF251} | SEPFF082F1B738C | Carlos Sanz Penas |
+----------------------------------------+-----------------+-------------------+
2021-04-14 15:22:39 | cspaxl_TransPattern.py:65   | INFO      | Tenemos mas de un Directory Number en el registro
2021-04-14 15:22:39 | cspaxl_TransPattern.py:76   | INFO      | Tenemos mas de una Partition en el registro
2021-04-14 15:22:39 | cspaxl_TransPattern.py:96   | INFO      | El Translation Pattern 913236708 en la Partition P_Internas no existe en el CUCM
2021-04-14 15:22:40 | cspaxl_TransPattern.py:112  | INFO      | Result:
+----------------------------------------+-----------+--------------------+
|                  UUID                  |  pattern  | routePartitionName |
+----------------------------------------+-----------+--------------------+
| {D1A316DB-FBE2-6596-9663-F368660EB1AD} | 913236708 |     P_Internas     |
+----------------------------------------+-----------+--------------------+
2021-04-14 15:22:40 | axl_zeep.py       :312  | INFO      | We have to add the Directory Number ['6001102', '6001181'] to the Line Group
2021-04-14 15:22:40 | axl_zeep.py       :318  | INFO      | We have to add the Directory Number : 6001181
2021-04-14 15:22:40 | cspaxl_LineGroup.py:241  | INFO      | Result:
+----------------------------------------+------------+-----------------------+
|                  UUID                  | Line Group |      Add Members      |
+----------------------------------------+------------+-----------------------+
| {4B677D18-56A2-A3C2-2140-03C9CDA45181} | LG_OF0011  | 6001181/P_LG_Oficinas |
+----------------------------------------+------------+-----------------------+
2021-04-14 15:22:40 | cspaxl_Region.py  :72   | INFO      | Result:
+----------------------------------------+--------+
|                  UUID                  | Region |
+----------------------------------------+--------+
| {A1025363-45D0-54A3-9E91-1FAF3E9B09E3} | R_0111 |
+----------------------------------------+--------+
2021-04-14 15:22:40 | cspaxl_Location.py:74   | INFO      | Result:
+----------------------------------------+----------+
|                  UUID                  | Location |
+----------------------------------------+----------+
| {D1706976-E141-75E6-8E3D-2387C98C7496} |  L_0111  |
+----------------------------------------+----------+
2021-04-14 15:22:40 | cspaxl_DevicePool.py:78   | INFO      | Result:
+----------------------------------------+----------------+
|                  UUID                  |  Device Pool   |
+----------------------------------------+----------------+
| {FBA8CE9C-78C7-9430-C95D-425F9222E3ED} | DP_0111_ORANGE |
+----------------------------------------+----------------+
2021-04-14 15:22:40 | cspaxl_CallPickupGroup.py:61   | INFO      | Tenemos mas de una Partition en el registro
2021-04-14 15:22:41 | cspaxl_CallPickupGroup.py:80   | INFO      | Result:
+----------------------------------------+-------------------+
|                  UUID                  | Call Pickup Group |
+----------------------------------------+-------------------+
| {A6503658-F88E-48E0-D73E-C128CF41AE69} |     CPG_OF0111    |
+----------------------------------------+-------------------+
2021-04-14 15:22:41 | cspaxl_LineGroup.py:75   | INFO      | Result:
+----------------------------------------+------------+
|                  UUID                  | Line Group |
+----------------------------------------+------------+
| {7E810DB8-508B-9AAE-5806-CF29C180F5C6} | LG_OF0111  |
+----------------------------------------+------------+
2021-04-14 15:22:41 | cspaxl_HuntList.py:80   | INFO      | Result:
+----------------------------------------+-----------+
|                  UUID                  | Hunt List |
+----------------------------------------+-----------+
| {681846E5-1235-861A-8FEF-2B8AABADE19B} | HL_OF0111 |
+----------------------------------------+-----------+
2021-04-14 15:22:41 | cspaxl_HuntPilot.py:101  | INFO      | Tenemos mas de una Partition en el registro
2021-04-14 15:22:42 | cspaxl_HuntPilot.py:127  | INFO      | Result:
+----------------------------------------+------------+
|                  UUID                  | Hunt Pilot |
+----------------------------------------+------------+
| {1E3C2E57-23A6-8DB9-2922-3701167BF396} |  8011100   |
+----------------------------------------+------------+
2021-04-14 15:22:42 | axl_zeep.py       :293  | INFO      | Tenemos que dar de alta varios Directory Number:: ['6011101', '6011181']
2021-04-14 15:22:42 | axl_zeep.py       :298  | INFO      | Vamos a dar de alta el siguiente Directory Number: 6011101
2021-04-14 15:22:42 | cspaxl_Line.py    :130  | INFO      | Result:
+----------------------------------------+------------------+--------------------+
|                  UUID                  | Directory Number | routePartitionName |
+----------------------------------------+------------------+--------------------+
| {3D6FBF0F-6042-1122-4602-962B051792F2} |     6011101      |     P_Internas     |
+----------------------------------------+------------------+--------------------+
2021-04-14 15:22:42 | axl_zeep.py       :298  | INFO      | Vamos a dar de alta el siguiente Directory Number: 6011181
2021-04-14 15:22:43 | cspaxl_Line.py    :130  | INFO      | Result:
+----------------------------------------+------------------+--------------------+
|                  UUID                  | Directory Number | routePartitionName |
+----------------------------------------+------------------+--------------------+
| {AC0705E9-EACD-A700-F5B6-0215FBA668D3} |     6011181      |   P_LG_Oficinas    |
+----------------------------------------+------------------+--------------------+
2021-04-14 15:22:43 | cspaxl_Phone.py   :169  | INFO      | No tenemos que configurar Speed Dials
2021-04-14 15:22:43 | cspaxl_Phone.py   :197  | INFO      | El telefono SEPFE082F1B738C no existe en el CUCM
2021-04-14 15:22:44 | cspaxl_Phone.py   :214  | INFO      | Result:
+----------------------------------------+-----------------+-------------------+
|                  UUID                  |   Device Name   |    description    |
+----------------------------------------+-----------------+-------------------+
| {568A616A-D1A5-2D1B-1AFF-9CF9F97A9F72} | SEPFE082F1B738C | Carlos Penas Sanz |
+----------------------------------------+-----------------+-------------------+
2021-04-14 15:22:44 | cspaxl_TransPattern.py:65   | INFO      | Tenemos mas de un Directory Number en el registro
2021-04-14 15:22:44 | cspaxl_TransPattern.py:76   | INFO      | Tenemos mas de una Partition en el registro
2021-04-14 15:22:44 | cspaxl_TransPattern.py:96   | INFO      | El Translation Pattern 913236706 en la Partition P_Internas no existe en el CUCM
2021-04-14 15:22:44 | cspaxl_TransPattern.py:112  | INFO      | Result:
+----------------------------------------+-----------+--------------------+
|                  UUID                  |  pattern  | routePartitionName |
+----------------------------------------+-----------+--------------------+
| {2FF8C582-0DD8-4F0F-76F6-CC0E2599B729} | 913236706 |     P_Internas     |
+----------------------------------------+-----------+--------------------+
2021-04-14 15:22:44 | axl_zeep.py       :312  | INFO      | We have to add the Directory Number ['6011101', '6011181'] to the Line Group
2021-04-14 15:22:44 | axl_zeep.py       :318  | INFO      | We have to add the Directory Number : 6011181
2021-04-14 15:22:45 | cspaxl_LineGroup.py:241  | INFO      | Result:
+----------------------------------------+------------+-----------------------+
|                  UUID                  | Line Group |      Add Members      |
+----------------------------------------+------------+-----------------------+
| {7E810DB8-508B-9AAE-5806-CF29C180F5C6} | LG_OF0111  | 6011181/P_LG_Oficinas |
+----------------------------------------+------------+-----------------------+
2021-04-14 15:22:45 | cspaxl_Region.py  :72   | INFO      | Result:
+----------------------------------------+--------+
|                  UUID                  | Region |
+----------------------------------------+--------+
| {024EFB30-5C02-9AE3-CB74-284C7EEB724F} | R_0101 |
+----------------------------------------+--------+
2021-04-14 15:22:45 | cspaxl_Location.py:74   | INFO      | Result:
+----------------------------------------+----------+
|                  UUID                  | Location |
+----------------------------------------+----------+
| {06C83418-90BD-7913-B613-5942075FB418} |  L_0101  |
+----------------------------------------+----------+
2021-04-14 15:22:45 | cspaxl_DevicePool.py:78   | INFO      | Result:
+----------------------------------------+----------------+
|                  UUID                  |  Device Pool   |
+----------------------------------------+----------------+
| {B5CF3F4F-7F9A-E890-1D01-B56D91FFB250} | DP_0101_ORANGE |
+----------------------------------------+----------------+
2021-04-14 15:22:45 | cspaxl_CallPickupGroup.py:61   | INFO      | Tenemos mas de una Partition en el registro
2021-04-14 15:22:45 | cspaxl_CallPickupGroup.py:80   | INFO      | Result:
+----------------------------------------+-------------------+
|                  UUID                  | Call Pickup Group |
+----------------------------------------+-------------------+
| {B6171729-EA67-6FD9-1B57-19905C188E47} |     CPG_OF0101    |
+----------------------------------------+-------------------+
2021-04-14 15:22:46 | cspaxl_LineGroup.py:75   | INFO      | Result:
+----------------------------------------+------------+
|                  UUID                  | Line Group |
+----------------------------------------+------------+
| {C644881B-4534-572F-65F6-11F6679487B7} | LG_OF0101  |
+----------------------------------------+------------+
2021-04-14 15:22:46 | cspaxl_HuntList.py:80   | INFO      | Result:
+----------------------------------------+-----------+
|                  UUID                  | Hunt List |
+----------------------------------------+-----------+
| {BF9A3E13-8A03-4BAA-365E-6D36ACF6302F} | HL_OF0101 |
+----------------------------------------+-----------+
2021-04-14 15:22:46 | cspaxl_HuntPilot.py:101  | INFO      | Tenemos mas de una Partition en el registro
2021-04-14 15:22:47 | cspaxl_HuntPilot.py:127  | INFO      | Result:
+----------------------------------------+------------+
|                  UUID                  | Hunt Pilot |
+----------------------------------------+------------+
| {239C2146-4231-969B-360A-C00494F965DF} |  8010100   |
+----------------------------------------+------------+
2021-04-14 15:22:47 | axl_zeep.py       :293  | INFO      | Tenemos que dar de alta varios Directory Number:: ['6010101', '6010181']
2021-04-14 15:22:47 | axl_zeep.py       :298  | INFO      | Vamos a dar de alta el siguiente Directory Number: 6010101
2021-04-14 15:22:47 | cspaxl_Line.py    :130  | INFO      | Result:
+----------------------------------------+------------------+--------------------+
|                  UUID                  | Directory Number | routePartitionName |
+----------------------------------------+------------------+--------------------+
| {7A7C9058-0144-179A-62B6-2C7FF3FBF925} |     6010101      |     P_Internas     |
+----------------------------------------+------------------+--------------------+
2021-04-14 15:22:47 | axl_zeep.py       :298  | INFO      | Vamos a dar de alta el siguiente Directory Number: 6010181
2021-04-14 15:22:47 | cspaxl_Line.py    :130  | INFO      | Result:
+----------------------------------------+------------------+--------------------+
|                  UUID                  | Directory Number | routePartitionName |
+----------------------------------------+------------------+--------------------+
| {B70617EA-FC50-2BC3-D7D6-D09B401483C1} |     6010181      |   P_LG_Oficinas    |
+----------------------------------------+------------------+--------------------+
2021-04-14 15:22:47 | cspaxl_Phone.py   :169  | INFO      | No tenemos que configurar Speed Dials
2021-04-14 15:22:48 | cspaxl_Phone.py   :197  | INFO      | El telefono SEPFD082F1B738C no existe en el CUCM
2021-04-14 15:22:48 | cspaxl_Phone.py   :214  | INFO      | Result:
+----------------------------------------+-----------------+-------------------+
|                  UUID                  |   Device Name   |    description    |
+----------------------------------------+-----------------+-------------------+
| {0F7AD82D-7B6F-E9FC-6F99-DF3168EF23C6} | SEPFD082F1B738C | Carlos Penas Sanz |
+----------------------------------------+-----------------+-------------------+
2021-04-14 15:22:48 | cspaxl_TransPattern.py:65   | INFO      | Tenemos mas de un Directory Number en el registro
2021-04-14 15:22:48 | cspaxl_TransPattern.py:76   | INFO      | Tenemos mas de una Partition en el registro
2021-04-14 15:22:49 | cspaxl_TransPattern.py:96   | INFO      | El Translation Pattern 913236707 en la Partition P_Internas no existe en el CUCM
2021-04-14 15:22:49 | cspaxl_TransPattern.py:112  | INFO      | Result:
+----------------------------------------+-----------+--------------------+
|                  UUID                  |  pattern  | routePartitionName |
+----------------------------------------+-----------+--------------------+
| {E26D880D-1ABE-01A0-8AB0-2E7FCDCEE8D3} | 913236707 |     P_Internas     |
+----------------------------------------+-----------+--------------------+
2021-04-14 15:22:49 | axl_zeep.py       :312  | INFO      | We have to add the Directory Number ['6010101', '6010181'] to the Line Group
2021-04-14 15:22:49 | axl_zeep.py       :318  | INFO      | We have to add the Directory Number : 6010181
2021-04-14 15:22:49 | cspaxl_LineGroup.py:241  | INFO      | Result:
+----------------------------------------+------------+-----------------------+
|                  UUID                  | Line Group |      Add Members      |
+----------------------------------------+------------+-----------------------+
| {C644881B-4534-572F-65F6-11F6679487B7} | LG_OF0101  | 6010181/P_LG_Oficinas |
+----------------------------------------+------------+-----------------------+
2021-04-14 15:22:49 | axl_zeep.py       :356  | INFO      | Se cerrara el programa
