2021-04-14 13:37:23 | axl_zeep.py       :348  | INFO      | Estamos usando Python v3.7.3
2021-04-14 13:37:23 | axl_zeep.py       :64   | DEBUG     | Ha entrado en la funcion parse_command_line()
2021-04-14 13:37:23 | axl_zeep.py       :87   | DEBUG     | Se ha pasado un fichero de configuracion
2021-04-14 13:37:23 | axl_zeep.py       :89   | INFO      | Ha seleccionado el fichero de configuracion: conf/NTT-Staging.cfg
2021-04-14 13:37:23 | axl_zeep.py       :92   | DEBUG     | Se ha pasado un fichero de carga masiva
2021-04-14 13:37:23 | axl_zeep.py       :94   | INFO      | Ha seleccionado el fichero de carga masiva: csv/0011.csv
2021-04-14 13:37:23 | axl_zeep.py       :355  | INFO      | Se ha seleccionado el cliente: NTT STAGING
2021-04-14 13:37:23 | axl_zeep.py       :146  | DEBUG     | Ha entrado en la funcion client_soap()
2021-04-14 13:37:23 | axl_zeep.py       :156  | DEBUG     | El sistema operativo es: Linux
2021-04-14 13:37:23 | axl_zeep.py       :161  | DEBUG     | El valor de csp_cmserver es: 192.168.80.230
2021-04-14 13:37:23 | axl_zeep.py       :162  | DEBUG     | El valor de csp_username es: axltest
2021-04-14 13:37:23 | axl_zeep.py       :163  | DEBUG     | El valor de csp_version es: 12.5
2021-04-14 13:37:23 | axl_zeep.py       :164  | DEBUG     | El valor de csp_location es: https://192.168.80.230/axl/
2021-04-14 13:37:23 | axl_zeep.py       :165  | DEBUG     | El valor de wsdl es: file:///root/git/CiscoAXL/Schema/CUCM/12.5/AXLAPI.wsdl
2021-04-14 13:37:25 | axl_zeep.py       :204  | INFO      | Se ha creado el cliente SOAP.
2021-04-14 13:37:25 | axl_zeep.py       :217  | DEBUG     | Ha entrado en la funcion AltaSede
2021-04-14 13:37:25 | axl_zeep.py       :227  | INFO      | Se ha abierto el archivo csv/0011.csv
2021-04-14 13:37:25 | axl_zeep.py       :316  | INFO      | We have to add the Directory Number ['6001102', '6001181'] to the Line Group
2021-04-14 13:37:25 | axl_zeep.py       :322  | INFO      | We have to add the Directory Number : 6001181
2021-04-14 13:37:25 | cspaxl_LineGroup.py:101  | DEBUG     | Se ha entrado en la funcion Get del archivo cspaxl_LineGroup.py
2021-04-14 13:37:26 | cspaxl_LineGroup.py:109  | INFO      | Result:
{
    'return': {
        'lineGroup': {
            'distributionAlgorithm': 'Circular',
            'rnaReversionTimeOut': 30,
            'huntAlgorithmNoAnswer': 'Try next member; then, try next group in Hunt List',
            'huntAlgorithmBusy': 'Try next member; then, try next group in Hunt List',
            'huntAlgorithmNotAvailable': 'Try next member; then, try next group in Hunt List',
            'members': {
                'member': [
                    {
                        'lineSelectionOrder': 0,
                        'directoryNumber': {
                            'pattern': '1001',
                            'routePartitionName': {
                                '_value_1': 'P_Endpoints',
                                'uuid': None
                            },
                            'uuid': '{F69B219F-EDCB-52E1-54F3-DB5873990079}'
                        },
                        'uuid': '{3C80FEC1-1009-11BE-B279-523A2173749C}'
                    },
                    {
                        'lineSelectionOrder': 1,
                        'directoryNumber': {
                            'pattern': '1010',
                            'routePartitionName': {
                                '_value_1': 'P_Endpoints',
                                'uuid': None
                            },
                            'uuid': '{E4F7771F-1C13-6B11-AD0F-95CD23312B03}'
                        },
                        'uuid': '{EA4FCAF9-DCDC-9EF2-8486-D16CC1DBF160}'
                    }
                ]
            },
            'name': 'LG_OF0011',
            'autoLogOffHunt': 'false',
            'uuid': '{FFB2791A-F1FA-E1AC-18AF-DA92ED9EB7B5}'
        }
    },
    'sequence': None
}
2021-04-14 13:37:26 | cspaxl_LineGroup.py:211  | DEBUG     | Se ha entrado en la funcion Update del archivo cspaxl_LineGroup.py
2021-04-14 13:37:26 | cspaxl_LineGroup.py:224  | INFO      | {
    'return': '{FFB2791A-F1FA-E1AC-18AF-DA92ED9EB7B5}',
    'sequence': None
}
