2021-02-11 13:23:17 | axl_zeep.py       :300  | INFO      | Estamos usando Python v3.7.3
2021-02-11 13:23:17 | axl_zeep.py       :88   | INFO      | Ha seleccionado el fichero de configuracion: conf/NTT-Staging.cfg
2021-02-11 13:23:17 | axl_zeep.py       :93   | INFO      | Ha seleccionado el fichero de carga masiva: csv/0011.csv
2021-02-11 13:23:17 | axl_zeep.py       :307  | INFO      | Se ha seleccionado el cliente: NTT STAGING
2021-02-11 13:23:19 | axl_zeep.py       :199  | INFO      | Se ha creado el cliente SOAP.
2021-02-11 13:23:19 | axl_zeep.py       :222  | INFO      | Se ha abierto el archivo csv/0011.csv
2021-02-11 13:23:19 | cspaxl_Region.py  :81   | INFO      | Result:
+----------------------------------------+--------+
|                  UUID                  |  name  |
+----------------------------------------+--------+
| {3C5870D7-DD18-EAAB-3A12-7694F743D393} | R_0011 |
+----------------------------------------+--------+
2021-02-11 13:23:19 | cspaxl_Location.py:81   | INFO      | Result:
+----------------------------------------+----------+
|                  UUID                  | Location |
+----------------------------------------+----------+
| {3E69CC18-BED6-AA92-7566-9AE8F2E43D54} |  L_0011  |
+----------------------------------------+----------+
2021-02-11 13:23:20 | cspaxl_DevicePool.py:85   | INFO      | Result:
+----------------------------------------+----------------+
|                  UUID                  |  Device Pool   |
+----------------------------------------+----------------+
| {63602261-6A36-3055-B9B1-D706FE6480B1} | DP_0011_ORANGE |
+----------------------------------------+----------------+
2021-02-11 13:23:20 | axl_zeep.py       :313  | INFO      | Se cerrara el programa
