2021-02-12 10:56:25 | axl_zeep.py       :292  | INFO      | Estamos usando Python v3.7.3
2021-02-12 10:56:25 | axl_zeep.py       :88   | INFO      | Ha seleccionado el fichero de configuracion: conf/NTT-Staging.cfg
2021-02-12 10:56:25 | axl_zeep.py       :93   | INFO      | Ha seleccionado el fichero de carga masiva: csv/0011.csv
2021-02-12 10:56:25 | axl_zeep.py       :299  | INFO      | Se ha seleccionado el cliente: NTT STAGING
2021-02-12 10:56:27 | axl_zeep.py       :199  | INFO      | Se ha creado el cliente SOAP.
2021-02-12 10:56:27 | axl_zeep.py       :222  | INFO      | Se ha abierto el archivo csv/0011.csv
2021-02-12 10:56:27 | cspaxl_Region.py  :81   | INFO      | Result:
+----------------------------------------+--------+
|                  UUID                  | Region |
+----------------------------------------+--------+
| {4488D3FC-2922-5F96-E2D0-3D57D5B45FFF} | R_0011 |
+----------------------------------------+--------+
2021-02-12 10:56:27 | cspaxl_Location.py:81   | INFO      | Result:
+----------------------------------------+----------+
|                  UUID                  | Location |
+----------------------------------------+----------+
| {8F2557CD-BD19-7D24-93AB-DA1BF1F2325B} |  L_0011  |
+----------------------------------------+----------+
2021-02-12 10:56:27 | cspaxl_DevicePool.py:85   | INFO      | Result:
+----------------------------------------+----------------+
|                  UUID                  |  Device Pool   |
+----------------------------------------+----------------+
| {ED1E0788-52E8-9D25-3EF8-A056167ADC3B} | DP_0011_ORANGE |
+----------------------------------------+----------------+
2021-02-12 10:56:27 | cspaxl_CallPickupGroup.py:81   | INFO      | Result:
+----------------------------------------+-------------------+
|                  UUID                  | Call Pickup Group |
+----------------------------------------+-------------------+
| {C853CAAD-9834-6A45-8E65-D1857CBFA0C6} |     CPG_OF0011    |
+----------------------------------------+-------------------+
2021-02-12 10:56:28 | cspaxl_Line.py    :137  | INFO      | Result:
+----------------------------------------+---------+--------------------+
|                  UUID                  | pattern | routePartitionName |
+----------------------------------------+---------+--------------------+
| {0A0A7CC5-B3AE-4B57-01A8-58515854965E} | 6001101 |     P_Internas     |
+----------------------------------------+---------+--------------------+
2021-02-12 10:56:28 | cspaxl_LineGroup.py:82   | INFO      | Result:
+----------------------------------------+------------+
|                  UUID                  | Line Group |
+----------------------------------------+------------+
| {130980E0-591C-A507-331F-E1D1DCA544FC} | LG_OF0011  |
+----------------------------------------+------------+
2021-02-12 10:56:29 | cspaxl_HuntList.py:87   | INFO      | Result:
+----------------------------------------+-----------+
|                  UUID                  | Hunt List |
+----------------------------------------+-----------+
| {B7F957E1-3B8E-8D6A-425E-0A6142EE5C7A} | HL_OF0011 |
+----------------------------------------+-----------+
2021-02-12 10:56:29 | axl_zeep.py       :305  | INFO      | Se cerrara el programa
